0 silly input [ 'build' ]
1 silly flags {
1 silly flags   _: [ 'run' ],
1 silly flags   'reject-cycles': false,
1 silly flags   rejectCycles: false,
1 silly flags   script: 'build',
1 silly flags   args: []
1 silly flags }
2 verbose rootPath /Users/kchamplin/splunk/observeinc/observe-reporting-splunk/SUIT/SUIT-setup-page-example
3 info version 2.11.0
4 silly existsSync /Users/kchamplin/splunk/observeinc/observe-reporting-splunk/SUIT/SUIT-setup-page-example/VERSION
5 silly initialize attempt
6 silly initialize success
7 silly execute attempt
8 silly runScriptInDir build [] setup-component
9 silly getExecOpts {
9 silly getExecOpts   cwd: '/Users/kchamplin/splunk/observeinc/observe-reporting-splunk/SUIT/SUIT-setup-page-example/packages/setup-component'
9 silly getExecOpts }
10 error build Errored while running script in '@splunk/setup-component'
11 error execute callback with error
12 error Error: Command failed: yarn run build
12 error error Command failed with exit code 2.
12 error $ NODE_ENV=production webpack --bail
12 error Hash: 03477b8757bbbe3a0cb6
12 error Version: webpack 4.46.0
12 error Time: 514ms
12 error Built at: 03/04/2024 9:02:09 PM
12 error  1 asset
12 error Entrypoint SetupComponent = SetupComponent.js
12 error [0] ./src/SetupComponent.jsx 4.98 KiB {0} [built] [failed] [1 error]
12 error
12 error ERROR in ./src/SetupComponent.jsx
12 error Module build failed (from /Users/kchamplin/splunk/observeinc/observe-reporting-splunk/SUIT/SUIT-setup-page-example/node_modules/babel-loader/lib/index.js):
12 error SyntaxError: /Users/kchamplin/splunk/observeinc/observe-reporting-splunk/SUIT/SUIT-setup-page-example/packages/setup-component/src/SetupComponent.jsx: Missing semicolon. (81:6)
12 error
12 error   79 | as well as an API token that has query permissions.
12 error   80 | When configured you can use the custom search command obsv to query specific datasets by their ID. For example:
12 error > 81 | `|obsv datasetId="123456"`
12 error      |       ^
12 error   82 | This returns up to 50,000 results total. Max results can be adjusted via Splunk's limits.conf setting for "maxresultrows", under [searchresults]
12 error   83 |
12 error   84 | ```;
12 error     at instantiate (/Users/kchamplin/splunk/observeinc/observe-reporting-splunk/SUIT/SUIT-setup-page-example/node_modules/@babel/parser/lib/index.js:67:32)
12 error     at constructor (/Users/kchamplin/splunk/observeinc/observe-reporting-splunk/SUIT/SUIT-setup-page-example/node_modules/@babel/parser/lib/index.js:364:12)
12 error     at JSXParserMixin.raise (/Users/kchamplin/splunk/observeinc/observe-reporting-splunk/SUIT/SUIT-setup-page-example/node_modules/@babel/parser/lib/index.js:3364:19)
12 error     at JSXParserMixin.semicolon (/Users/kchamplin/splunk/observeinc/observe-reporting-splunk/SUIT/SUIT-setup-page-example/node_modules/@babel/parser/lib/index.js:3754:10)
12 error     at JSXParserMixin.parseVarStatement (/Users/kchamplin/splunk/observeinc/observe-reporting-splunk/SUIT/SUIT-setup-page-example/node_modules/@babel/parser/lib/index.js:13400:10)
12 error     at JSXParserMixin.parseStatementContent (/Users/kchamplin/splunk/observeinc/observe-reporting-splunk/SUIT/SUIT-setup-page-example/node_modules/@babel/parser/lib/index.js:12986:23)
12 error     at JSXParserMixin.parseStatement (/Users/kchamplin/splunk/observeinc/observe-reporting-splunk/SUIT/SUIT-setup-page-example/node_modules/@babel/parser/lib/index.js:12917:17)
12 error     at JSXParserMixin.parseBlockOrModuleBlockBody (/Users/kchamplin/splunk/observeinc/observe-reporting-splunk/SUIT/SUIT-setup-page-example/node_modules/@babel/parser/lib/index.js:13497:25)
12 error     at JSXParserMixin.parseBlockBody (/Users/kchamplin/splunk/observeinc/observe-reporting-splunk/SUIT/SUIT-setup-page-example/node_modules/@babel/parser/lib/index.js:13489:10)
12 error     at JSXParserMixin.parseProgram (/Users/kchamplin/splunk/observeinc/observe-reporting-splunk/SUIT/SUIT-setup-page-example/node_modules/@babel/parser/lib/index.js:12832:10)
12 error     at JSXParserMixin.parseTopLevel (/Users/kchamplin/splunk/observeinc/observe-reporting-splunk/SUIT/SUIT-setup-page-example/node_modules/@babel/parser/lib/index.js:12822:25)
12 error     at JSXParserMixin.parse (/Users/kchamplin/splunk/observeinc/observe-reporting-splunk/SUIT/SUIT-setup-page-example/node_modules/@babel/parser/lib/index.js:14674:10)
12 error     at parse (/Users/kchamplin/splunk/observeinc/observe-reporting-splunk/SUIT/SUIT-setup-page-example/node_modules/@babel/parser/lib/index.js:14716:38)
12 error     at parser (/Users/kchamplin/splunk/observeinc/observe-reporting-splunk/SUIT/SUIT-setup-page-example/node_modules/@babel/core/lib/parser/index.js:41:34)
12 error     at parser.next (<anonymous>)
12 error     at normalizeFile (/Users/kchamplin/splunk/observeinc/observe-reporting-splunk/SUIT/SUIT-setup-page-example/node_modules/@babel/core/lib/transformation/normalize-file.js:66:38)
12 error     at normalizeFile.next (<anonymous>)
12 error     at run (/Users/kchamplin/splunk/observeinc/observe-reporting-splunk/SUIT/SUIT-setup-page-example/node_modules/@babel/core/lib/transformation/index.js:21:50)
12 error     at run.next (<anonymous>)
12 error     at transform (/Users/kchamplin/splunk/observeinc/observe-reporting-splunk/SUIT/SUIT-setup-page-example/node_modules/@babel/core/lib/transform.js:22:41)
12 error     at transform.next (<anonymous>)
12 error     at step (/Users/kchamplin/splunk/observeinc/observe-reporting-splunk/SUIT/SUIT-setup-page-example/node_modules/gensync/index.js:261:32)
12 error     at /Users/kchamplin/splunk/observeinc/observe-reporting-splunk/SUIT/SUIT-setup-page-example/node_modules/gensync/index.js:273:13
12 error     at async.call.result.err.err (/Users/kchamplin/splunk/observeinc/observe-reporting-splunk/SUIT/SUIT-setup-page-example/node_modules/gensync/index.js:223:11)
12 error     at /Users/kchamplin/splunk/observeinc/observe-reporting-splunk/SUIT/SUIT-setup-page-example/node_modules/gensync/index.js:189:28
12 error     at /Users/kchamplin/splunk/observeinc/observe-reporting-splunk/SUIT/SUIT-setup-page-example/node_modules/@babel/core/lib/gensync-utils/async.js:72:7
12 error     at /Users/kchamplin/splunk/observeinc/observe-reporting-splunk/SUIT/SUIT-setup-page-example/node_modules/gensync/index.js:113:33
12 error     at step (/Users/kchamplin/splunk/observeinc/observe-reporting-splunk/SUIT/SUIT-setup-page-example/node_modules/gensync/index.js:287:14)
12 error     at /Users/kchamplin/splunk/observeinc/observe-reporting-splunk/SUIT/SUIT-setup-page-example/node_modules/gensync/index.js:273:13
12 error     at async.call.result.err.err (/Users/kchamplin/splunk/observeinc/observe-reporting-splunk/SUIT/SUIT-setup-page-example/node_modules/gensync/index.js:223:11)
12 error info Visit https://yarnpkg.com/en/docs/cli/run for documentation about this command.
12 error
12 error     at /Users/kchamplin/splunk/observeinc/observe-reporting-splunk/SUIT/SUIT-setup-page-example/node_modules/lerna/node_modules/execa/index.js:236:11
